# JRE version: Java(TM) SE Runtime Environment (8.0_131-b11) (build 1.8.0_131-b11)
# Java VM: Java HotSpot(TM) 64-Bit Server VM (25.131-b11 mixed mode bsd-amd64 compressed oops)
Heap:
 PSYoungGen      total 239616K, used 56303K [0x000000076ab00000, 0x000000077c280000, 0x00000007c0000000)
  eden space 225280K, 18% used [0x000000076ab00000,0x000000076d419100,0x0000000778700000)
  from space 14336K, 99% used [0x000000077b480000,0x000000077c262da0,0x000000077c280000)
  to   space 18432K, 0% used [0x0000000779e80000,0x0000000779e80000,0x000000077b080000)
 ParOldGen       total 157184K, used 19493K [0x00000006c0000000, 0x00000006c9980000, 0x000000076ab00000)
  object space 157184K, 12% used [0x00000006c0000000,0x00000006c1309420,0x00000006c9980000)
 Metaspace       used 47538K, capacity 49470K, committed 49792K, reserved 1091584K
  class space    used 6342K, capacity 6729K, committed 6784K, reserved 1048576K
GC Heap History (10 events):
Event: 4.613 GC heap before
{Heap before GC invocations=6 (full 1):
 PSYoungGen      total 107520K, used 107368K [0x000000076ab00000, 0x0000000773980000, 0x00000007c0000000)
  eden space 103424K, 100% used [0x000000076ab00000,0x0000000771000000,0x0000000771000000)
  from space 4096K, 96% used [0x0000000773580000,0x000000077395a358,0x0000000773980000)
  to   space 10752K, 0% used [0x0000000772480000,0x0000000772480000,0x0000000772f00000)
 ParOldGen       total 99328K, used 7857K [0x00000006c0000000, 0x00000006c6100000, 0x000000076ab00000)
  object space 99328K, 7% used [0x00000006c0000000,0x00000006c07ac5b0,0x00000006c6100000)
 Metaspace       used 25780K, capacity 26840K, committed 27008K, reserved 1073152K
  class space    used 3460K, capacity 3696K, committed 3712K, reserved 1048576K
Event: 4.625 GC heap after
Heap after GC invocations=6 (full 1):
 PSYoungGen      total 135168K, used 8794K [0x000000076ab00000, 0x0000000775d00000, 0x00000007c0000000)
  eden space 124416K, 0% used [0x000000076ab00000,0x000000076ab00000,0x0000000772480000)
  from space 10752K, 81% used [0x0000000772480000,0x0000000772d168c8,0x0000000772f00000)
  to   space 11264K, 0% used [0x0000000775200000,0x0000000775200000,0x0000000775d00000)
 ParOldGen       total 99328K, used 7865K [0x00000006c0000000, 0x00000006c6100000, 0x000000076ab00000)
  object space 99328K, 7% used [0x00000006c0000000,0x00000006c07ae5b0,0x00000006c6100000)
 Metaspace       used 25780K, capacity 26840K, committed 27008K, reserved 1073152K
  class space    used 3460K, capacity 3696K, committed 3712K, reserved 1048576K
}
Event: 5.514 GC heap before
{Heap before GC invocations=7 (full 1):
 PSYoungGen      total 135168K, used 133210K [0x000000076ab00000, 0x0000000775d00000, 0x00000007c0000000)
  eden space 124416K, 100% used [0x000000076ab00000,0x0000000772480000,0x0000000772480000)
  from space 10752K, 81% used [0x0000000772480000,0x0000000772d168c8,0x0000000772f00000)
  to   space 11264K, 0% used [0x0000000775200000,0x0000000775200000,0x0000000775d00000)
 ParOldGen       total 99328K, used 7865K [0x00000006c0000000, 0x00000006c6100000, 0x000000076ab00000)
  object space 99328K, 7% used [0x00000006c0000000,0x00000006c07ae5b0,0x00000006c6100000)
 Metaspace       used 30276K, capacity 31712K, committed 32128K, reserved 1077248K
  class space    used 4062K, capacity 4362K, committed 4480K, reserved 1048576K
Event: 5.536 GC heap after
Heap after GC invocations=7 (full 1):
 PSYoungGen      total 167424K, used 11256K [0x000000076ab00000, 0x0000000778580000, 0x00000007c0000000)
  eden space 156160K, 0% used [0x000000076ab00000,0x000000076ab00000,0x0000000774380000)
  from space 11264K, 99% used [0x0000000775200000,0x0000000775cfe198,0x0000000775d00000)
  to   space 14848K, 0% used [0x0000000774380000,0x0000000774380000,0x0000000775200000)
 ParOldGen       total 99328K, used 11152K [0x00000006c0000000, 0x00000006c6100000, 0x000000076ab00000)
  object space 99328K, 11% used [0x00000006c0000000,0x00000006c0ae4228,0x00000006c6100000)
 Metaspace       used 30276K, capacity 31712K, committed 32128K, reserved 1077248K
  class space    used 4062K, capacity 4362K, committed 4480K, reserved 1048576K
}
Event: 5.918 GC heap before
{Heap before GC invocations=8 (full 1):
 PSYoungGen      total 167424K, used 36652K [0x000000076ab00000, 0x0000000778580000, 0x00000007c0000000)
  eden space 156160K, 16% used [0x000000076ab00000,0x000000076c3cd070,0x0000000774380000)
  from space 11264K, 99% used [0x0000000775200000,0x0000000775cfe198,0x0000000775d00000)
  to   space 14848K, 0% used [0x0000000774380000,0x0000000774380000,0x0000000775200000)
 ParOldGen       total 99328K, used 11152K [0x00000006c0000000, 0x00000006c6100000, 0x000000076ab00000)
  object space 99328K, 11% used [0x00000006c0000000,0x00000006c0ae4228,0x00000006c6100000)
 Metaspace       used 33847K, capacity 35266K, committed 35456K, reserved 1079296K
  class space    used 4398K, capacity 4667K, committed 4736K, reserved 1048576K
Event: 5.938 GC heap after
Heap after GC invocations=8 (full 1):
 PSYoungGen      total 171008K, used 14315K [0x000000076ab00000, 0x000000077c500000, 0x00000007c0000000)
  eden space 156160K, 0% used [0x000000076ab00000,0x000000076ab00000,0x0000000774380000)
  from space 14848K, 96% used [0x0000000774380000,0x000000077517ae28,0x0000000775200000)
  to   space 16896K, 0% used [0x000000077b480000,0x000000077b480000,0x000000077c500000)
 ParOldGen       total 99328K, used 11160K [0x00000006c0000000, 0x00000006c6100000, 0x000000076ab00000)
  object space 99328K, 11% used [0x00000006c0000000,0x00000006c0ae6228,0x00000006c6100000)
 Metaspace       used 33847K, capacity 35266K, committed 35456K, reserved 1079296K
  class space    used 4398K, capacity 4667K, committed 4736K, reserved 1048576K
}
Event: 5.938 GC heap before
{Heap before GC invocations=9 (full 2):
 PSYoungGen      total 171008K, used 14315K [0x000000076ab00000, 0x000000077c500000, 0x00000007c0000000)
  eden space 156160K, 0% used [0x000000076ab00000,0x000000076ab00000,0x0000000774380000)
  from space 14848K, 96% used [0x0000000774380000,0x000000077517ae28,0x0000000775200000)
  to   space 16896K, 0% used [0x000000077b480000,0x000000077b480000,0x000000077c500000)
 ParOldGen       total 99328K, used 11160K [0x00000006c0000000, 0x00000006c6100000, 0x000000076ab00000)
  object space 99328K, 11% used [0x00000006c0000000,0x00000006c0ae6228,0x00000006c6100000)
 Metaspace       used 33847K, capacity 35266K, committed 35456K, reserved 1079296K
  class space    used 4398K, capacity 4667K, committed 4736K, reserved 1048576K
Event: 6.046 GC heap after
Heap after GC invocations=9 (full 2):
 PSYoungGen      total 171008K, used 0K [0x000000076ab00000, 0x000000077c500000, 0x00000007c0000000)
  eden space 156160K, 0% used [0x000000076ab00000,0x000000076ab00000,0x0000000774380000)
  from space 14848K, 0% used [0x0000000774380000,0x0000000774380000,0x0000000775200000)
  to   space 16896K, 0% used [0x000000077b480000,0x000000077b480000,0x000000077c500000)
 ParOldGen       total 157184K, used 19485K [0x00000006c0000000, 0x00000006c9980000, 0x000000076ab00000)
  object space 157184K, 12% used [0x00000006c0000000,0x00000006c1307420,0x00000006c9980000)
 Metaspace       used 33847K, capacity 35266K, committed 35456K, reserved 1079296K
  class space    used 4398K, capacity 4667K, committed 4736K, reserved 1048576K
}
Event: 76.221 GC heap before
{Heap before GC invocations=10 (full 2):
 PSYoungGen      total 171008K, used 156160K [0x000000076ab00000, 0x000000077c500000, 0x00000007c0000000)
  eden space 156160K, 100% used [0x000000076ab00000,0x0000000774380000,0x0000000774380000)
  from space 14848K, 0% used [0x0000000774380000,0x0000000774380000,0x0000000775200000)
  to   space 16896K, 0% used [0x000000077b480000,0x000000077b480000,0x000000077c500000)
 ParOldGen       total 157184K, used 19485K [0x00000006c0000000, 0x00000006c9980000, 0x000000076ab00000)
  object space 157184K, 12% used [0x00000006c0000000,0x00000006c1307420,0x00000006c9980000)
 Metaspace       used 44897K, capacity 46808K, committed 47104K, reserved 1089536K
  class space    used 5973K, capacity 6338K, committed 6400K, reserved 1048576K
Event: 76.241 GC heap after
Heap after GC invocations=10 (full 2):
 PSYoungGen      total 239616K, used 14219K [0x000000076ab00000, 0x000000077c280000, 0x00000007c0000000)
  eden space 225280K, 0% used [0x000000076ab00000,0x000000076ab00000,0x0000000778700000)
  from space 14336K, 99% used [0x000000077b480000,0x000000077c262da0,0x000000077c280000)
  to   space 18432K, 0% used [0x0000000779e80000,0x0000000779e80000,0x000000077b080000)
 ParOldGen       total 157184K, used 19493K [0x00000006c0000000, 0x00000006c9980000, 0x000000076ab00000)
  object space 157184K, 12% used [0x00000006c0000000,0x00000006c1309420,0x00000006c9980000)
 Metaspace       used 44897K, capacity 46808K, committed 47104K, reserved 1089536K
  class space    used 5973K, capacity 6338K, committed 6400K, reserved 1048576K
}

